[21:28:30] [main/INFO]: Setting user: Player780
[21:28:33] [Client thread/INFO]: LWJGL Version: 2.9.1
[21:28:35] [Client thread/ERROR]: Couldn't initialize twitch stream
[21:28:52] [Client thread/INFO]: Reloading ResourceManager: Default, FMLFileResourcePack:Forge Mod Loader, FMLFileResourcePack:Minecraft Forge, FMLFileResourcePack:Custom RPG
[21:28:53] [Sound Library Loader/INFO]: Sound engine started
[21:29:07] [Client thread/INFO]: Created: 16x16 textures/blocks-atlas
[21:29:07] [Client thread/INFO]: Created: 16x16 textures/items-atlas
[21:29:07] [Client thread/INFO]: Reloading ResourceManager: Default, FMLFileResourcePack:Forge Mod Loader, FMLFileResourcePack:Minecraft Forge, FMLFileResourcePack:Custom RPG
[21:29:08] [Client thread/INFO]: Created: 512x256 textures/blocks-atlas
[21:29:08] [Client thread/INFO]: Created: 256x256 textures/items-atlas
[21:29:09] [Sound Library Loader/INFO]: Sound engine started
[21:29:15] [Server thread/INFO]: Starting integrated minecraft server version 1.7.10
[21:29:15] [Server thread/INFO]: Generating keypair
[21:29:15] [Server thread/INFO]: Preparing start region for level 0
[21:29:16] [Server thread/INFO]: Changing view distance to 12, from 10
[21:29:17] [Server thread/INFO]: Player780[local:E:53e3ca35] logged in with entity id 18 at (121.09879595924941, 5.0, -174.49326203879673)
[21:29:17] [Server thread/INFO]: Player780 joined the game
[21:29:55] [Server thread/INFO]: Stopping server
[21:29:55] [Server thread/INFO]: Saving players
[21:29:55] [Server thread/INFO]: Saving worlds
[21:29:55] [Server thread/INFO]: Saving chunks for level 'New World'/Overworld
[21:29:55] [Server thread/INFO]: Saving chunks for level 'New World'/Nether
[21:29:55] [Server thread/INFO]: Saving chunks for level 'New World'/The End
[21:29:56] [Client thread/FATAL]: Unreported exception thrown!
java.util.ConcurrentModificationException
	at java.util.ArrayList$Itr.checkForComodification(ArrayList.java:901) ~[?:1.8.0_131]
	at java.util.ArrayList$Itr.next(ArrayList.java:851) ~[?:1.8.0_131]
	at com.game.customrpg.common.EventLoader.onEvent(EventLoader.kt:150) ~[EventLoader.class:?]
	at cpw.mods.fml.common.eventhandler.ASMEventHandler_10_EventLoader_onEvent_Event.invoke(.dynamic) ~[?:?]
	at cpw.mods.fml.common.eventhandler.ASMEventHandler.invoke(ASMEventHandler.java:54) ~[ASMEventHandler.class:?]
	at cpw.mods.fml.common.eventhandler.EventBus.post(EventBus.java:140) ~[EventBus.class:?]
	at net.minecraftforge.client.ForgeHooksClient.getOffsetFOV(ForgeHooksClient.java:373) ~[ForgeHooksClient.class:?]
	at net.minecraft.client.entity.EntityPlayerSP.getFOVMultiplier(EntityPlayerSP.java:346) ~[EntityPlayerSP.class:?]
	at net.minecraft.client.renderer.EntityRenderer.updateFovModifierHand(EntityRenderer.java:450) ~[EntityRenderer.class:?]
	at net.minecraft.client.renderer.EntityRenderer.updateRenderer(EntityRenderer.java:273) ~[EntityRenderer.class:?]
	at net.minecraft.client.Minecraft.runTick(Minecraft.java:2078) ~[Minecraft.class:?]
	at net.minecraft.client.Minecraft.runGameLoop(Minecraft.java:1039) ~[Minecraft.class:?]
	at net.minecraft.client.Minecraft.run(Minecraft.java:962) [Minecraft.class:?]
	at net.minecraft.client.main.Main.main(Main.java:164) [Main.class:?]
	at sun.reflect.NativeMethodAccessorImpl.invoke0(Native Method) ~[?:1.8.0_131]
	at sun.reflect.NativeMethodAccessorImpl.invoke(NativeMethodAccessorImpl.java:62) ~[?:1.8.0_131]
	at sun.reflect.DelegatingMethodAccessorImpl.invoke(DelegatingMethodAccessorImpl.java:43) ~[?:1.8.0_131]
	at java.lang.reflect.Method.invoke(Method.java:498) ~[?:1.8.0_131]
	at net.minecraft.launchwrapper.Launch.launch(Launch.java:135) [launchwrapper-1.12.jar:?]
	at net.minecraft.launchwrapper.Launch.main(Launch.java:28) [launchwrapper-1.12.jar:?]
	at net.minecraftforge.gradle.GradleStartCommon.launch(Unknown Source) [start/:?]
	at GradleStart.main(Unknown Source) [start/:?]
